# JRE version: OpenJDK Runtime Environment Temurin-21.0.7+6 (21.0.7+6) (build 21.0.7+6-LTS)
# Java VM: OpenJDK 64-Bit Server VM Temurin-21.0.7+6 (21.0.7+6-LTS, mixed mode, sharing, tiered, compressed oops, compressed class ptrs, parallel gc, windows-amd64)
GC Precious Log:
 CardTable entry size: 512
 CPUs: 12 total, 12 available
 Memory: 24193M
 Large Page Support: Disabled
 NUMA Support: Disabled
 Compressed Oops: Enabled (32-bit)
 Alignments: Space 512K, Generation 512K, Heap 2M
 Heap Min Capacity: 100M
 Heap Initial Capacity: 100M
 Heap Max Capacity: 1G
 Pre-touch: Disabled
 Parallel Workers: 10
Heap:
 PSYoungGen      total 2560K, used 343K [0x00000000eab00000, 0x00000000eae80000, 0x0000000100000000)
  eden space 2048K, 1% used [0x00000000eab00000,0x00000000eab05d50,0x00000000ead00000)
  from space 512K, 62% used [0x00000000eae00000,0x00000000eae50000,0x00000000eae80000)
  to   space 512K, 0% used [0x00000000ead80000,0x00000000ead80000,0x00000000eae00000)
 ParOldGen       total 635904K, used 635672K [0x00000000c0000000, 0x00000000e6d00000, 0x00000000eab00000)
  object space 635904K, 99% used [0x00000000c0000000,0x00000000e6cc6000,0x00000000e6d00000)
 Metaspace       used 68447K, committed 70144K, reserved 1114112K
  class space    used 6978K, committed 7680K, reserved 1048576K
GC Heap History (20 events):
Event: 37.317 GC heap before
{Heap before GC invocations=1556 (full 3):
 PSYoungGen      total 2560K, used 2560K [0x00000000eab00000, 0x00000000eb000000, 0x0000000100000000)
  eden space 2048K, 100% used [0x00000000eab00000,0x00000000ead00000,0x00000000ead00000)
  from space 512K, 100% used [0x00000000eae80000,0x00000000eaf00000,0x00000000eaf00000)
  to   space 1536K, 0% used [0x00000000ead00000,0x00000000ead00000,0x00000000eae80000)
 ParOldGen       total 626176K, used 625738K [0x00000000c0000000, 0x00000000e6380000, 0x00000000eab00000)
  object space 626176K, 99% used [0x00000000c0000000,0x00000000e63128b0,0x00000000e6380000)
 Metaspace       used 68191K, committed 69888K, reserved 1114112K
  class space    used 6963K, committed 7680K, reserved 1048576K
}
Event: 37.319 GC heap after
{Heap after GC invocations=1556 (full 3):
 PSYoungGen      total 3584K, used 1522K [0x00000000eab00000, 0x00000000eb200000, 0x0000000100000000)
  eden space 2048K, 0% used [0x00000000eab00000,0x00000000eab00000,0x00000000ead00000)
  from space 1536K, 99% used [0x00000000ead00000,0x00000000eae7c830,0x00000000eae80000)
  to   space 2560K, 0% used [0x00000000eaf80000,0x00000000eaf80000,0x00000000eb200000)
 ParOldGen       total 626688K, used 626186K [0x00000000c0000000, 0x00000000e6400000, 0x00000000eab00000)
  object space 626688K, 99% used [0x00000000c0000000,0x00000000e63828b0,0x00000000e6400000)
 Metaspace       used 68191K, committed 69888K, reserved 1114112K
  class space    used 6963K, committed 7680K, reserved 1048576K
}
Event: 37.336 GC heap before
{Heap before GC invocations=1557 (full 3):
 PSYoungGen      total 3584K, used 3570K [0x00000000eab00000, 0x00000000eb200000, 0x0000000100000000)
  eden space 2048K, 99% used [0x00000000eab00000,0x00000000eacffff0,0x00000000ead00000)
  from space 1536K, 99% used [0x00000000ead00000,0x00000000eae7c830,0x00000000eae80000)
  to   space 2560K, 0% used [0x00000000eaf80000,0x00000000eaf80000,0x00000000eb200000)
 ParOldGen       total 626688K, used 626186K [0x00000000c0000000, 0x00000000e6400000, 0x00000000eab00000)
  object space 626688K, 99% used [0x00000000c0000000,0x00000000e63828b0,0x00000000e6400000)
 Metaspace       used 68196K, committed 69888K, reserved 1114112K
  class space    used 6963K, committed 7680K, reserved 1048576K
}
Event: 37.338 GC heap after
{Heap after GC invocations=1557 (full 3):
 PSYoungGen      total 4096K, used 1728K [0x00000000eab00000, 0x00000000eb180000, 0x0000000100000000)
  eden space 2048K, 0% used [0x00000000eab00000,0x00000000eab00000,0x00000000ead00000)
  from space 2048K, 84% used [0x00000000eaf80000,0x00000000eb130000,0x00000000eb180000)
  to   space 2048K, 0% used [0x00000000ead80000,0x00000000ead80000,0x00000000eaf80000)
 ParOldGen       total 627712K, used 627635K [0x00000000c0000000, 0x00000000e6500000, 0x00000000eab00000)
  object space 627712K, 99% used [0x00000000c0000000,0x00000000e64ecd10,0x00000000e6500000)
 Metaspace       used 68196K, committed 69888K, reserved 1114112K
  class space    used 6963K, committed 7680K, reserved 1048576K
}
Event: 37.343 GC heap before
{Heap before GC invocations=1558 (full 3):
 PSYoungGen      total 4096K, used 3776K [0x00000000eab00000, 0x00000000eb180000, 0x0000000100000000)
  eden space 2048K, 100% used [0x00000000eab00000,0x00000000ead00000,0x00000000ead00000)
  from space 2048K, 84% used [0x00000000eaf80000,0x00000000eb130000,0x00000000eb180000)
  to   space 2048K, 0% used [0x00000000ead80000,0x00000000ead80000,0x00000000eaf80000)
 ParOldGen       total 627712K, used 627635K [0x00000000c0000000, 0x00000000e6500000, 0x00000000eab00000)
  object space 627712K, 99% used [0x00000000c0000000,0x00000000e64ecd10,0x00000000e6500000)
 Metaspace       used 68196K, committed 69888K, reserved 1114112K
  class space    used 6963K, committed 7680K, reserved 1048576K
}
Event: 37.345 GC heap after
{Heap after GC invocations=1558 (full 3):
 PSYoungGen      total 4096K, used 1952K [0x00000000eab00000, 0x00000000eb100000, 0x0000000100000000)
  eden space 2048K, 0% used [0x00000000eab00000,0x00000000eab00000,0x00000000ead00000)
  from space 2048K, 95% used [0x00000000ead80000,0x00000000eaf68000,0x00000000eaf80000)
  to   space 1536K, 0% used [0x00000000eaf80000,0x00000000eaf80000,0x00000000eb100000)
 ParOldGen       total 629248K, used 629203K [0x00000000c0000000, 0x00000000e6680000, 0x00000000eab00000)
  object space 629248K, 99% used [0x00000000c0000000,0x00000000e6674c00,0x00000000e6680000)
 Metaspace       used 68196K, committed 69888K, reserved 1114112K
  class space    used 6963K, committed 7680K, reserved 1048576K
}
Event: 37.348 GC heap before
{Heap before GC invocations=1559 (full 3):
 PSYoungGen      total 4096K, used 4000K [0x00000000eab00000, 0x00000000eb100000, 0x0000000100000000)
  eden space 2048K, 100% used [0x00000000eab00000,0x00000000ead00000,0x00000000ead00000)
  from space 2048K, 95% used [0x00000000ead80000,0x00000000eaf68000,0x00000000eaf80000)
  to   space 1536K, 0% used [0x00000000eaf80000,0x00000000eaf80000,0x00000000eb100000)
 ParOldGen       total 629248K, used 629203K [0x00000000c0000000, 0x00000000e6680000, 0x00000000eab00000)
  object space 629248K, 99% used [0x00000000c0000000,0x00000000e6674c00,0x00000000e6680000)
 Metaspace       used 68196K, committed 69888K, reserved 1114112K
  class space    used 6963K, committed 7680K, reserved 1048576K
}
Event: 37.350 GC heap after
{Heap after GC invocations=1559 (full 3):
 PSYoungGen      total 2048K, used 1536K [0x00000000eab00000, 0x00000000eb500000, 0x0000000100000000)
  eden space 512K, 0% used [0x00000000eab00000,0x00000000eab00000,0x00000000eab80000)
  from space 1536K, 100% used [0x00000000eaf80000,0x00000000eb100000,0x00000000eb100000)
  to   space 4096K, 0% used [0x00000000eab80000,0x00000000eab80000,0x00000000eaf80000)
 ParOldGen       total 631296K, used 631151K [0x00000000c0000000, 0x00000000e6880000, 0x00000000eab00000)
  object space 631296K, 99% used [0x00000000c0000000,0x00000000e685bc00,0x00000000e6880000)
 Metaspace       used 68196K, committed 69888K, reserved 1114112K
  class space    used 6963K, committed 7680K, reserved 1048576K
}
Event: 37.351 GC heap before
{Heap before GC invocations=1560 (full 3):
 PSYoungGen      total 2048K, used 2047K [0x00000000eab00000, 0x00000000eb500000, 0x0000000100000000)
  eden space 512K, 99% used [0x00000000eab00000,0x00000000eab7fff8,0x00000000eab80000)
  from space 1536K, 100% used [0x00000000eaf80000,0x00000000eb100000,0x00000000eb100000)
  to   space 4096K, 0% used [0x00000000eab80000,0x00000000eab80000,0x00000000eaf80000)
 ParOldGen       total 631296K, used 631151K [0x00000000c0000000, 0x00000000e6880000, 0x00000000eab00000)
  object space 631296K, 99% used [0x00000000c0000000,0x00000000e685bc00,0x00000000e6880000)
 Metaspace       used 68197K, committed 69888K, reserved 1114112K
  class space    used 6963K, committed 7680K, reserved 1048576K
}
Event: 37.353 GC heap after
{Heap after GC invocations=1560 (full 3):
 PSYoungGen      total 1536K, used 659K [0x00000000eab00000, 0x00000000eb000000, 0x0000000100000000)
  eden space 512K, 0% used [0x00000000eab00000,0x00000000eab00000,0x00000000eab80000)
  from space 1024K, 64% used [0x00000000eab80000,0x00000000eac24e80,0x00000000eac80000)
  to   space 2048K, 0% used [0x00000000eae00000,0x00000000eae00000,0x00000000eb000000)
 ParOldGen       total 632832K, used 632664K [0x00000000c0000000, 0x00000000e6a00000, 0x00000000eab00000)
  object space 632832K, 99% used [0x00000000c0000000,0x00000000e69d6300,0x00000000e6a00000)
 Metaspace       used 68197K, committed 69888K, reserved 1114112K
  class space    used 6963K, committed 7680K, reserved 1048576K
}
Event: 37.353 GC heap before
{Heap before GC invocations=1561 (full 3):
 PSYoungGen      total 1536K, used 1171K [0x00000000eab00000, 0x00000000eb000000, 0x0000000100000000)
  eden space 512K, 99% used [0x00000000eab00000,0x00000000eab7ffa8,0x00000000eab80000)
  from space 1024K, 64% used [0x00000000eab80000,0x00000000eac24e80,0x00000000eac80000)
  to   space 2048K, 0% used [0x00000000eae00000,0x00000000eae00000,0x00000000eb000000)
 ParOldGen       total 632832K, used 632664K [0x00000000c0000000, 0x00000000e6a00000, 0x00000000eab00000)
  object space 632832K, 99% used [0x00000000c0000000,0x00000000e69d6300,0x00000000e6a00000)
 Metaspace       used 68197K, committed 69888K, reserved 1114112K
  class space    used 6963K, committed 7680K, reserved 1048576K
}
Event: 37.355 GC heap after
{Heap after GC invocations=1561 (full 3):
 PSYoungGen      total 2048K, used 576K [0x00000000eab00000, 0x00000000eaf00000, 0x0000000100000000)
  eden space 1024K, 0% used [0x00000000eab00000,0x00000000eab00000,0x00000000eac00000)
  from space 1024K, 56% used [0x00000000eae00000,0x00000000eae90000,0x00000000eaf00000)
  to   space 1024K, 0% used [0x00000000ead00000,0x00000000ead00000,0x00000000eae00000)
 ParOldGen       total 633344K, used 633088K [0x00000000c0000000, 0x00000000e6a80000, 0x00000000eab00000)
  object space 633344K, 99% used [0x00000000c0000000,0x00000000e6a40000,0x00000000e6a80000)
 Metaspace       used 68197K, committed 69888K, reserved 1114112K
  class space    used 6963K, committed 7680K, reserved 1048576K
}
Event: 37.356 GC heap before
{Heap before GC invocations=1562 (full 3):
 PSYoungGen      total 2048K, used 1599K [0x00000000eab00000, 0x00000000eaf00000, 0x0000000100000000)
  eden space 1024K, 99% used [0x00000000eab00000,0x00000000eabfffe8,0x00000000eac00000)
  from space 1024K, 56% used [0x00000000eae00000,0x00000000eae90000,0x00000000eaf00000)
  to   space 1024K, 0% used [0x00000000ead00000,0x00000000ead00000,0x00000000eae00000)
 ParOldGen       total 633344K, used 633088K [0x00000000c0000000, 0x00000000e6a80000, 0x00000000eab00000)
  object space 633344K, 99% used [0x00000000c0000000,0x00000000e6a40000,0x00000000e6a80000)
 Metaspace       used 68198K, committed 69888K, reserved 1114112K
  class space    used 6963K, committed 7680K, reserved 1048576K
}
Event: 37.357 GC heap after
{Heap after GC invocations=1562 (full 3):
 PSYoungGen      total 2560K, used 960K [0x00000000eab00000, 0x00000000eaf80000, 0x0000000100000000)
  eden space 1536K, 0% used [0x00000000eab00000,0x00000000eab00000,0x00000000eac80000)
  from space 1024K, 93% used [0x00000000ead00000,0x00000000eadf0000,0x00000000eae00000)
  to   space 1536K, 0% used [0x00000000eae00000,0x00000000eae00000,0x00000000eaf80000)
 ParOldGen       total 633856K, used 633520K [0x00000000c0000000, 0x00000000e6b00000, 0x00000000eab00000)
  object space 633856K, 99% used [0x00000000c0000000,0x00000000e6aac000,0x00000000e6b00000)
 Metaspace       used 68198K, committed 69888K, reserved 1114112K
  class space    used 6963K, committed 7680K, reserved 1048576K
}
Event: 37.361 GC heap before
{Heap before GC invocations=1563 (full 3):
 PSYoungGen      total 2560K, used 2496K [0x00000000eab00000, 0x00000000eaf80000, 0x0000000100000000)
  eden space 1536K, 100% used [0x00000000eab00000,0x00000000eac80000,0x00000000eac80000)
  from space 1024K, 93% used [0x00000000ead00000,0x00000000eadf0000,0x00000000eae00000)
  to   space 1536K, 0% used [0x00000000eae00000,0x00000000eae00000,0x00000000eaf80000)
 ParOldGen       total 633856K, used 633520K [0x00000000c0000000, 0x00000000e6b00000, 0x00000000eab00000)
  object space 633856K, 99% used [0x00000000c0000000,0x00000000e6aac000,0x00000000e6b00000)
 Metaspace       used 68206K, committed 69888K, reserved 1114112K
  class space    used 6963K, committed 7680K, reserved 1048576K
}
Event: 37.364 GC heap after
{Heap after GC invocations=1563 (full 3):
 PSYoungGen      total 3072K, used 1344K [0x00000000eab00000, 0x00000000eb000000, 0x0000000100000000)
  eden space 1536K, 0% used [0x00000000eab00000,0x00000000eab00000,0x00000000eac80000)
  from space 1536K, 87% used [0x00000000eae00000,0x00000000eaf50000,0x00000000eaf80000)
  to   space 1536K, 0% used [0x00000000eac80000,0x00000000eac80000,0x00000000eae00000)
 ParOldGen       total 634880K, used 634416K [0x00000000c0000000, 0x00000000e6c00000, 0x00000000eab00000)
  object space 634880K, 99% used [0x00000000c0000000,0x00000000e6b8c000,0x00000000e6c00000)
 Metaspace       used 68206K, committed 69888K, reserved 1114112K
  class space    used 6963K, committed 7680K, reserved 1048576K
}
Event: 51.454 GC heap before
{Heap before GC invocations=1564 (full 3):
 PSYoungGen      total 3072K, used 2880K [0x00000000eab00000, 0x00000000eb000000, 0x0000000100000000)
  eden space 1536K, 100% used [0x00000000eab00000,0x00000000eac80000,0x00000000eac80000)
  from space 1536K, 87% used [0x00000000eae00000,0x00000000eaf50000,0x00000000eaf80000)
  to   space 1536K, 0% used [0x00000000eac80000,0x00000000eac80000,0x00000000eae00000)
 ParOldGen       total 634880K, used 634416K [0x00000000c0000000, 0x00000000e6c00000, 0x00000000eab00000)
  object space 634880K, 99% used [0x00000000c0000000,0x00000000e6b8c000,0x00000000e6c00000)
 Metaspace       used 68392K, committed 70080K, reserved 1114112K
  class space    used 6973K, committed 7680K, reserved 1048576K
}
Event: 51.456 GC heap after
{Heap after GC invocations=1564 (full 3):
 PSYoungGen      total 3072K, used 192K [0x00000000eab00000, 0x00000000eaf00000, 0x0000000100000000)
  eden space 1536K, 0% used [0x00000000eab00000,0x00000000eab00000,0x00000000eac80000)
  from space 1536K, 12% used [0x00000000eac80000,0x00000000eacb0000,0x00000000eae00000)
  to   space 1024K, 0% used [0x00000000eae00000,0x00000000eae00000,0x00000000eaf00000)
 ParOldGen       total 635904K, used 635576K [0x00000000c0000000, 0x00000000e6d00000, 0x00000000eab00000)
  object space 635904K, 99% used [0x00000000c0000000,0x00000000e6cae000,0x00000000e6d00000)
 Metaspace       used 68392K, committed 70080K, reserved 1114112K
  class space    used 6973K, committed 7680K, reserved 1048576K
}
Event: 52.135 GC heap before
{Heap before GC invocations=1565 (full 3):
 PSYoungGen      total 3072K, used 1727K [0x00000000eab00000, 0x00000000eaf00000, 0x0000000100000000)
  eden space 1536K, 99% used [0x00000000eab00000,0x00000000eac7fef0,0x00000000eac80000)
  from space 1536K, 12% used [0x00000000eac80000,0x00000000eacb0000,0x00000000eae00000)
  to   space 1024K, 0% used [0x00000000eae00000,0x00000000eae00000,0x00000000eaf00000)
 ParOldGen       total 635904K, used 635576K [0x00000000c0000000, 0x00000000e6d00000, 0x00000000eab00000)
  object space 635904K, 99% used [0x00000000c0000000,0x00000000e6cae000,0x00000000e6d00000)
 Metaspace       used 68446K, committed 70144K, reserved 1114112K
  class space    used 6978K, committed 7680K, reserved 1048576K
}
Event: 52.136 GC heap after
{Heap after GC invocations=1565 (full 3):
 PSYoungGen      total 2560K, used 320K [0x00000000eab00000, 0x00000000eae80000, 0x0000000100000000)
  eden space 2048K, 0% used [0x00000000eab00000,0x00000000eab00000,0x00000000ead00000)
  from space 512K, 62% used [0x00000000eae00000,0x00000000eae50000,0x00000000eae80000)
  to   space 512K, 0% used [0x00000000ead80000,0x00000000ead80000,0x00000000eae00000)
 ParOldGen       total 635904K, used 635672K [0x00000000c0000000, 0x00000000e6d00000, 0x00000000eab00000)
  object space 635904K, 99% used [0x00000000c0000000,0x00000000e6cc6000,0x00000000e6d00000)
 Metaspace       used 68446K, committed 70144K, reserved 1114112K
  class space    used 6978K, committed 7680K, reserved 1048576K
}

