# JRE version: OpenJDK Runtime Environment Temurin-21.0.7+6 (21.0.7+6) (build 21.0.7+6-LTS)
# Java VM: OpenJDK 64-Bit Server VM Temurin-21.0.7+6 (21.0.7+6-LTS, mixed mode, sharing, tiered, compressed oops, compressed class ptrs, parallel gc, windows-amd64)
GC Precious Log:
 CardTable entry size: 512
 CPUs: 12 total, 12 available
 Memory: 24193M
 Large Page Support: Disabled
 NUMA Support: Disabled
 Compressed Oops: Enabled (32-bit)
 Alignments: Space 512K, Generation 512K, Heap 2M
 Heap Min Capacity: 100M
 Heap Initial Capacity: 100M
 Heap Max Capacity: 1G
 Pre-touch: Disabled
 Parallel Workers: 10
Heap:
 PSYoungGen      total 25088K, used 4909K [0x00000000eab00000, 0x00000000ec680000, 0x0000000100000000)
  eden space 22016K, 22% used [0x00000000eab00000,0x00000000eafcb650,0x00000000ec080000)
  from space 3072K, 0% used [0x00000000ec100000,0x00000000ec100000,0x00000000ec400000)
  to   space 1536K, 0% used [0x00000000ec500000,0x00000000ec500000,0x00000000ec680000)
 ParOldGen       total 68608K, used 18477K [0x00000000c0000000, 0x00000000c4300000, 0x00000000eab00000)
  object space 68608K, 26% used [0x00000000c0000000,0x00000000c120b440,0x00000000c4300000)
 Metaspace       used 35056K, committed 36224K, reserved 1114112K
  class space    used 3473K, committed 4032K, reserved 1048576K
GC Heap History (20 events):
Event: 11.673 GC heap before
{Heap before GC invocations=6 (full 0):
 PSYoungGen      total 29184K, used 29164K [0x00000000eab00000, 0x00000000ece80000, 0x0000000100000000)
  eden space 25088K, 100% used [0x00000000eab00000,0x00000000ec380000,0x00000000ec380000)
  from space 4096K, 99% used [0x00000000ec400000,0x00000000ec7fb3d8,0x00000000ec800000)
  to   space 5632K, 0% used [0x00000000ec900000,0x00000000ec900000,0x00000000ece80000)
 ParOldGen       total 68608K, used 7966K [0x00000000c0000000, 0x00000000c4300000, 0x00000000eab00000)
  object space 68608K, 11% used [0x00000000c0000000,0x00000000c07c7b20,0x00000000c4300000)
 Metaspace       used 18488K, committed 19328K, reserved 1114112K
  class space    used 1872K, committed 2240K, reserved 1048576K
}
Event: 11.676 GC heap after
{Heap after GC invocations=6 (full 0):
 PSYoungGen      total 30208K, used 5519K [0x00000000eab00000, 0x00000000ece80000, 0x0000000100000000)
  eden space 24576K, 0% used [0x00000000eab00000,0x00000000eab00000,0x00000000ec300000)
  from space 5632K, 97% used [0x00000000ec900000,0x00000000ece63c38,0x00000000ece80000)
  to   space 5632K, 0% used [0x00000000ec380000,0x00000000ec380000,0x00000000ec900000)
 ParOldGen       total 68608K, used 7974K [0x00000000c0000000, 0x00000000c4300000, 0x00000000eab00000)
  object space 68608K, 11% used [0x00000000c0000000,0x00000000c07c9b20,0x00000000c4300000)
 Metaspace       used 18488K, committed 19328K, reserved 1114112K
  class space    used 1872K, committed 2240K, reserved 1048576K
}
Event: 11.988 GC heap before
{Heap before GC invocations=7 (full 0):
 PSYoungGen      total 30208K, used 24607K [0x00000000eab00000, 0x00000000ece80000, 0x0000000100000000)
  eden space 24576K, 77% used [0x00000000eab00000,0x00000000ebda4260,0x00000000ec300000)
  from space 5632K, 97% used [0x00000000ec900000,0x00000000ece63c38,0x00000000ece80000)
  to   space 5632K, 0% used [0x00000000ec380000,0x00000000ec380000,0x00000000ec900000)
 ParOldGen       total 68608K, used 7974K [0x00000000c0000000, 0x00000000c4300000, 0x00000000eab00000)
  object space 68608K, 11% used [0x00000000c0000000,0x00000000c07c9b20,0x00000000c4300000)
 Metaspace       used 20548K, committed 21504K, reserved 1114112K
  class space    used 2115K, committed 2560K, reserved 1048576K
}
Event: 11.990 GC heap after
{Heap after GC invocations=7 (full 0):
 PSYoungGen      total 29184K, used 4259K [0x00000000eab00000, 0x00000000ecd00000, 0x0000000100000000)
  eden space 24576K, 0% used [0x00000000eab00000,0x00000000eab00000,0x00000000ec300000)
  from space 4608K, 92% used [0x00000000ec380000,0x00000000ec7a8e48,0x00000000ec800000)
  to   space 5120K, 0% used [0x00000000ec800000,0x00000000ec800000,0x00000000ecd00000)
 ParOldGen       total 68608K, used 9219K [0x00000000c0000000, 0x00000000c4300000, 0x00000000eab00000)
  object space 68608K, 13% used [0x00000000c0000000,0x00000000c0900d28,0x00000000c4300000)
 Metaspace       used 20548K, committed 21504K, reserved 1114112K
  class space    used 2115K, committed 2560K, reserved 1048576K
}
Event: 11.990 GC heap before
{Heap before GC invocations=8 (full 1):
 PSYoungGen      total 29184K, used 4259K [0x00000000eab00000, 0x00000000ecd00000, 0x0000000100000000)
  eden space 24576K, 0% used [0x00000000eab00000,0x00000000eab00000,0x00000000ec300000)
  from space 4608K, 92% used [0x00000000ec380000,0x00000000ec7a8e48,0x00000000ec800000)
  to   space 5120K, 0% used [0x00000000ec800000,0x00000000ec800000,0x00000000ecd00000)
 ParOldGen       total 68608K, used 9219K [0x00000000c0000000, 0x00000000c4300000, 0x00000000eab00000)
  object space 68608K, 13% used [0x00000000c0000000,0x00000000c0900d28,0x00000000c4300000)
 Metaspace       used 20548K, committed 21504K, reserved 1114112K
  class space    used 2115K, committed 2560K, reserved 1048576K
}
Event: 12.014 GC heap after
{Heap after GC invocations=8 (full 1):
 PSYoungGen      total 29184K, used 0K [0x00000000eab00000, 0x00000000ecd00000, 0x0000000100000000)
  eden space 24576K, 0% used [0x00000000eab00000,0x00000000eab00000,0x00000000ec300000)
  from space 4608K, 0% used [0x00000000ec380000,0x00000000ec380000,0x00000000ec800000)
  to   space 5120K, 0% used [0x00000000ec800000,0x00000000ec800000,0x00000000ecd00000)
 ParOldGen       total 68608K, used 12634K [0x00000000c0000000, 0x00000000c4300000, 0x00000000eab00000)
  object space 68608K, 18% used [0x00000000c0000000,0x00000000c0c56bc8,0x00000000c4300000)
 Metaspace       used 20535K, committed 21504K, reserved 1114112K
  class space    used 2112K, committed 2560K, reserved 1048576K
}
Event: 12.272 GC heap before
{Heap before GC invocations=9 (full 1):
 PSYoungGen      total 29184K, used 24576K [0x00000000eab00000, 0x00000000ecd00000, 0x0000000100000000)
  eden space 24576K, 100% used [0x00000000eab00000,0x00000000ec300000,0x00000000ec300000)
  from space 4608K, 0% used [0x00000000ec380000,0x00000000ec380000,0x00000000ec800000)
  to   space 5120K, 0% used [0x00000000ec800000,0x00000000ec800000,0x00000000ecd00000)
 ParOldGen       total 68608K, used 12634K [0x00000000c0000000, 0x00000000c4300000, 0x00000000eab00000)
  object space 68608K, 18% used [0x00000000c0000000,0x00000000c0c56bc8,0x00000000c4300000)
 Metaspace       used 22644K, committed 23616K, reserved 1114112K
  class space    used 2298K, committed 2752K, reserved 1048576K
}
Event: 12.273 GC heap after
{Heap after GC invocations=9 (full 1):
 PSYoungGen      total 27648K, used 3414K [0x00000000eab00000, 0x00000000ecb80000, 0x0000000100000000)
  eden space 24064K, 0% used [0x00000000eab00000,0x00000000eab00000,0x00000000ec280000)
  from space 3584K, 95% used [0x00000000ec800000,0x00000000ecb55b10,0x00000000ecb80000)
  to   space 4096K, 0% used [0x00000000ec380000,0x00000000ec380000,0x00000000ec780000)
 ParOldGen       total 68608K, used 12642K [0x00000000c0000000, 0x00000000c4300000, 0x00000000eab00000)
  object space 68608K, 18% used [0x00000000c0000000,0x00000000c0c58bc8,0x00000000c4300000)
 Metaspace       used 22644K, committed 23616K, reserved 1114112K
  class space    used 2298K, committed 2752K, reserved 1048576K
}
Event: 12.533 GC heap before
{Heap before GC invocations=10 (full 1):
 PSYoungGen      total 27648K, used 27478K [0x00000000eab00000, 0x00000000ecb80000, 0x0000000100000000)
  eden space 24064K, 100% used [0x00000000eab00000,0x00000000ec280000,0x00000000ec280000)
  from space 3584K, 95% used [0x00000000ec800000,0x00000000ecb55b10,0x00000000ecb80000)
  to   space 4096K, 0% used [0x00000000ec380000,0x00000000ec380000,0x00000000ec780000)
 ParOldGen       total 68608K, used 12642K [0x00000000c0000000, 0x00000000c4300000, 0x00000000eab00000)
  object space 68608K, 18% used [0x00000000c0000000,0x00000000c0c58bc8,0x00000000c4300000)
 Metaspace       used 25959K, committed 26944K, reserved 1114112K
  class space    used 2542K, committed 3008K, reserved 1048576K
}
Event: 12.534 GC heap after
{Heap after GC invocations=10 (full 1):
 PSYoungGen      total 26624K, used 2771K [0x00000000eab00000, 0x00000000ec900000, 0x0000000100000000)
  eden space 23552K, 0% used [0x00000000eab00000,0x00000000eab00000,0x00000000ec200000)
  from space 3072K, 90% used [0x00000000ec380000,0x00000000ec634fd0,0x00000000ec680000)
  to   space 2560K, 0% used [0x00000000ec680000,0x00000000ec680000,0x00000000ec900000)
 ParOldGen       total 68608K, used 12642K [0x00000000c0000000, 0x00000000c4300000, 0x00000000eab00000)
  object space 68608K, 18% used [0x00000000c0000000,0x00000000c0c58bc8,0x00000000c4300000)
 Metaspace       used 25959K, committed 26944K, reserved 1114112K
  class space    used 2542K, committed 3008K, reserved 1048576K
}
Event: 12.773 GC heap before
{Heap before GC invocations=11 (full 1):
 PSYoungGen      total 26624K, used 26323K [0x00000000eab00000, 0x00000000ec900000, 0x0000000100000000)
  eden space 23552K, 100% used [0x00000000eab00000,0x00000000ec200000,0x00000000ec200000)
  from space 3072K, 90% used [0x00000000ec380000,0x00000000ec634fd0,0x00000000ec680000)
  to   space 2560K, 0% used [0x00000000ec680000,0x00000000ec680000,0x00000000ec900000)
 ParOldGen       total 68608K, used 12642K [0x00000000c0000000, 0x00000000c4300000, 0x00000000eab00000)
  object space 68608K, 18% used [0x00000000c0000000,0x00000000c0c58bc8,0x00000000c4300000)
 Metaspace       used 27562K, committed 28544K, reserved 1114112K
  class space    used 2641K, committed 3072K, reserved 1048576K
}
Event: 12.775 GC heap after
{Heap after GC invocations=11 (full 1):
 PSYoungGen      total 25600K, used 2312K [0x00000000eab00000, 0x00000000ec900000, 0x0000000100000000)
  eden space 23040K, 0% used [0x00000000eab00000,0x00000000eab00000,0x00000000ec180000)
  from space 2560K, 90% used [0x00000000ec680000,0x00000000ec8c22b0,0x00000000ec900000)
  to   space 2560K, 0% used [0x00000000ec400000,0x00000000ec400000,0x00000000ec680000)
 ParOldGen       total 68608K, used 13630K [0x00000000c0000000, 0x00000000c4300000, 0x00000000eab00000)
  object space 68608K, 19% used [0x00000000c0000000,0x00000000c0d4fbe8,0x00000000c4300000)
 Metaspace       used 27562K, committed 28544K, reserved 1114112K
  class space    used 2641K, committed 3072K, reserved 1048576K
}
Event: 13.088 GC heap before
{Heap before GC invocations=12 (full 1):
 PSYoungGen      total 25600K, used 25327K [0x00000000eab00000, 0x00000000ec900000, 0x0000000100000000)
  eden space 23040K, 99% used [0x00000000eab00000,0x00000000ec1799a8,0x00000000ec180000)
  from space 2560K, 90% used [0x00000000ec680000,0x00000000ec8c22b0,0x00000000ec900000)
  to   space 2560K, 0% used [0x00000000ec400000,0x00000000ec400000,0x00000000ec680000)
 ParOldGen       total 68608K, used 13630K [0x00000000c0000000, 0x00000000c4300000, 0x00000000eab00000)
  object space 68608K, 19% used [0x00000000c0000000,0x00000000c0d4fbe8,0x00000000c4300000)
 Metaspace       used 30806K, committed 31872K, reserved 1114112K
  class space    used 2984K, committed 3456K, reserved 1048576K
}
Event: 13.091 GC heap after
{Heap after GC invocations=12 (full 1):
 PSYoungGen      total 24576K, used 1837K [0x00000000eab00000, 0x00000000ec700000, 0x0000000100000000)
  eden space 22528K, 0% used [0x00000000eab00000,0x00000000eab00000,0x00000000ec100000)
  from space 2048K, 89% used [0x00000000ec400000,0x00000000ec5cb7a8,0x00000000ec600000)
  to   space 1024K, 0% used [0x00000000ec600000,0x00000000ec600000,0x00000000ec700000)
 ParOldGen       total 68608K, used 15831K [0x00000000c0000000, 0x00000000c4300000, 0x00000000eab00000)
  object space 68608K, 23% used [0x00000000c0000000,0x00000000c0f75e28,0x00000000c4300000)
 Metaspace       used 30806K, committed 31872K, reserved 1114112K
  class space    used 2984K, committed 3456K, reserved 1048576K
}
Event: 13.336 GC heap before
{Heap before GC invocations=13 (full 1):
 PSYoungGen      total 24576K, used 24365K [0x00000000eab00000, 0x00000000ec700000, 0x0000000100000000)
  eden space 22528K, 100% used [0x00000000eab00000,0x00000000ec100000,0x00000000ec100000)
  from space 2048K, 89% used [0x00000000ec400000,0x00000000ec5cb7a8,0x00000000ec600000)
  to   space 1024K, 0% used [0x00000000ec600000,0x00000000ec600000,0x00000000ec700000)
 ParOldGen       total 68608K, used 15831K [0x00000000c0000000, 0x00000000c4300000, 0x00000000eab00000)
  object space 68608K, 23% used [0x00000000c0000000,0x00000000c0f75e28,0x00000000c4300000)
 Metaspace       used 33271K, committed 34432K, reserved 1114112K
  class space    used 3270K, committed 3776K, reserved 1048576K
}
Event: 13.338 GC heap after
{Heap after GC invocations=13 (full 1):
 PSYoungGen      total 23040K, used 1021K [0x00000000eab00000, 0x00000000ec700000, 0x0000000100000000)
  eden space 22016K, 0% used [0x00000000eab00000,0x00000000eab00000,0x00000000ec080000)
  from space 1024K, 99% used [0x00000000ec600000,0x00000000ec6ff6e0,0x00000000ec700000)
  to   space 3072K, 0% used [0x00000000ec100000,0x00000000ec100000,0x00000000ec400000)
 ParOldGen       total 68608K, used 17662K [0x00000000c0000000, 0x00000000c4300000, 0x00000000eab00000)
  object space 68608K, 25% used [0x00000000c0000000,0x00000000c113f890,0x00000000c4300000)
 Metaspace       used 33271K, committed 34432K, reserved 1114112K
  class space    used 3270K, committed 3776K, reserved 1048576K
}
Event: 13.415 GC heap before
{Heap before GC invocations=14 (full 1):
 PSYoungGen      total 23040K, used 9903K [0x00000000eab00000, 0x00000000ec700000, 0x0000000100000000)
  eden space 22016K, 40% used [0x00000000eab00000,0x00000000eb3ac5e8,0x00000000ec080000)
  from space 1024K, 99% used [0x00000000ec600000,0x00000000ec6ff6e0,0x00000000ec700000)
  to   space 3072K, 0% used [0x00000000ec100000,0x00000000ec100000,0x00000000ec400000)
 ParOldGen       total 68608K, used 17662K [0x00000000c0000000, 0x00000000c4300000, 0x00000000eab00000)
  object space 68608K, 25% used [0x00000000c0000000,0x00000000c113f890,0x00000000c4300000)
 Metaspace       used 34705K, committed 35840K, reserved 1114112K
  class space    used 3431K, committed 3968K, reserved 1048576K
}
Event: 13.416 GC heap after
{Heap after GC invocations=14 (full 1):
 PSYoungGen      total 25088K, used 650K [0x00000000eab00000, 0x00000000ec680000, 0x0000000100000000)
  eden space 22016K, 0% used [0x00000000eab00000,0x00000000eab00000,0x00000000ec080000)
  from space 3072K, 21% used [0x00000000ec100000,0x00000000ec1a2bd0,0x00000000ec400000)
  to   space 1536K, 0% used [0x00000000ec500000,0x00000000ec500000,0x00000000ec680000)
 ParOldGen       total 68608K, used 18685K [0x00000000c0000000, 0x00000000c4300000, 0x00000000eab00000)
  object space 68608K, 27% used [0x00000000c0000000,0x00000000c123f738,0x00000000c4300000)
 Metaspace       used 34705K, committed 35840K, reserved 1114112K
  class space    used 3431K, committed 3968K, reserved 1048576K
}
Event: 13.416 GC heap before
{Heap before GC invocations=15 (full 2):
 PSYoungGen      total 25088K, used 650K [0x00000000eab00000, 0x00000000ec680000, 0x0000000100000000)
  eden space 22016K, 0% used [0x00000000eab00000,0x00000000eab00000,0x00000000ec080000)
  from space 3072K, 21% used [0x00000000ec100000,0x00000000ec1a2bd0,0x00000000ec400000)
  to   space 1536K, 0% used [0x00000000ec500000,0x00000000ec500000,0x00000000ec680000)
 ParOldGen       total 68608K, used 18685K [0x00000000c0000000, 0x00000000c4300000, 0x00000000eab00000)
  object space 68608K, 27% used [0x00000000c0000000,0x00000000c123f738,0x00000000c4300000)
 Metaspace       used 34705K, committed 35840K, reserved 1114112K
  class space    used 3431K, committed 3968K, reserved 1048576K
}
Event: 13.440 GC heap after
{Heap after GC invocations=15 (full 2):
 PSYoungGen      total 25088K, used 0K [0x00000000eab00000, 0x00000000ec680000, 0x0000000100000000)
  eden space 22016K, 0% used [0x00000000eab00000,0x00000000eab00000,0x00000000ec080000)
  from space 3072K, 0% used [0x00000000ec100000,0x00000000ec100000,0x00000000ec400000)
  to   space 1536K, 0% used [0x00000000ec500000,0x00000000ec500000,0x00000000ec680000)
 ParOldGen       total 68608K, used 18477K [0x00000000c0000000, 0x00000000c4300000, 0x00000000eab00000)
  object space 68608K, 26% used [0x00000000c0000000,0x00000000c120b440,0x00000000c4300000)
 Metaspace       used 34705K, committed 35840K, reserved 1114112K
  class space    used 3431K, committed 3968K, reserved 1048576K
}

