# JRE version: OpenJDK Runtime Environment Temurin-21.0.7+6 (21.0.7+6) (build 21.0.7+6-LTS)
# Java VM: OpenJDK 64-Bit Server VM Temurin-21.0.7+6 (21.0.7+6-LTS, mixed mode, sharing, tiered, compressed oops, compressed class ptrs, parallel gc, windows-amd64)
GC Precious Log:
 CardTable entry size: 512
 CPUs: 12 total, 12 available
 Memory: 24193M
 Large Page Support: Disabled
 NUMA Support: Disabled
 Compressed Oops: Enabled (32-bit)
 Alignments: Space 512K, Generation 512K, Heap 2M
 Heap Min Capacity: 100M
 Heap Initial Capacity: 100M
 Heap Max Capacity: 1G
 Pre-touch: Disabled
 Parallel Workers: 10
Heap:
 PSYoungGen      total 4096K, used 4041K [0x00000000eab00000, 0x00000000eb080000, 0x0000000100000000)
  eden space 3072K, 100% used [0x00000000eab00000,0x00000000eae00000,0x00000000eae00000)
  from space 1024K, 94% used [0x00000000eaf80000,0x00000000eb072600,0x00000000eb080000)
  to   space 1024K, 59% used [0x00000000eae80000,0x00000000eaf18000,0x00000000eaf80000)
 ParOldGen       total 319488K, used 319487K [0x00000000c0000000, 0x00000000d3800000, 0x00000000eab00000)
  object space 319488K, 99% used [0x00000000c0000000,0x00000000d37ffdf8,0x00000000d3800000)
 Metaspace       used 63657K, committed 65216K, reserved 1114112K
  class space    used 6548K, committed 7232K, reserved 1048576K
GC Heap History (20 events):
Event: 10.610 GC heap before
{Heap before GC invocations=434 (full 3):
 PSYoungGen      total 3072K, used 2592K [0x00000000eab00000, 0x00000000eaf00000, 0x0000000100000000)
  eden space 2048K, 100% used [0x00000000eab00000,0x00000000ead00000,0x00000000ead00000)
  from space 1024K, 53% used [0x00000000eae00000,0x00000000eae88000,0x00000000eaf00000)
  to   space 1024K, 0% used [0x00000000ead00000,0x00000000ead00000,0x00000000eae00000)
 ParOldGen       total 312832K, used 312721K [0x00000000c0000000, 0x00000000d3180000, 0x00000000eab00000)
  object space 312832K, 99% used [0x00000000c0000000,0x00000000d3164510,0x00000000d3180000)
 Metaspace       used 63108K, committed 64640K, reserved 1114112K
  class space    used 6466K, committed 7104K, reserved 1048576K
}
Event: 10.611 GC heap after
{Heap after GC invocations=434 (full 3):
 PSYoungGen      total 3072K, used 544K [0x00000000eab00000, 0x00000000eaf00000, 0x0000000100000000)
  eden space 2048K, 0% used [0x00000000eab00000,0x00000000eab00000,0x00000000ead00000)
  from space 1024K, 53% used [0x00000000ead00000,0x00000000ead88000,0x00000000eae00000)
  to   space 1024K, 0% used [0x00000000eae00000,0x00000000eae00000,0x00000000eaf00000)
 ParOldGen       total 313344K, used 313145K [0x00000000c0000000, 0x00000000d3200000, 0x00000000eab00000)
  object space 313344K, 99% used [0x00000000c0000000,0x00000000d31ce7d8,0x00000000d3200000)
 Metaspace       used 63108K, committed 64640K, reserved 1114112K
  class space    used 6466K, committed 7104K, reserved 1048576K
}
Event: 10.617 GC heap before
{Heap before GC invocations=435 (full 3):
 PSYoungGen      total 3072K, used 2592K [0x00000000eab00000, 0x00000000eaf00000, 0x0000000100000000)
  eden space 2048K, 100% used [0x00000000eab00000,0x00000000ead00000,0x00000000ead00000)
  from space 1024K, 53% used [0x00000000ead00000,0x00000000ead88000,0x00000000eae00000)
  to   space 1024K, 0% used [0x00000000eae00000,0x00000000eae00000,0x00000000eaf00000)
 ParOldGen       total 313344K, used 313145K [0x00000000c0000000, 0x00000000d3200000, 0x00000000eab00000)
  object space 313344K, 99% used [0x00000000c0000000,0x00000000d31ce7d8,0x00000000d3200000)
 Metaspace       used 63126K, committed 64640K, reserved 1114112K
  class space    used 6469K, committed 7104K, reserved 1048576K
}
Event: 10.618 GC heap after
{Heap after GC invocations=435 (full 3):
 PSYoungGen      total 3072K, used 656K [0x00000000eab00000, 0x00000000eaf00000, 0x0000000100000000)
  eden space 2048K, 0% used [0x00000000eab00000,0x00000000eab00000,0x00000000ead00000)
  from space 1024K, 64% used [0x00000000eae00000,0x00000000eaea40b0,0x00000000eaf00000)
  to   space 1024K, 0% used [0x00000000ead00000,0x00000000ead00000,0x00000000eae00000)
 ParOldGen       total 313856K, used 313540K [0x00000000c0000000, 0x00000000d3280000, 0x00000000eab00000)
  object space 313856K, 99% used [0x00000000c0000000,0x00000000d3231000,0x00000000d3280000)
 Metaspace       used 63126K, committed 64640K, reserved 1114112K
  class space    used 6469K, committed 7104K, reserved 1048576K
}
Event: 10.625 GC heap before
{Heap before GC invocations=436 (full 3):
 PSYoungGen      total 3072K, used 2704K [0x00000000eab00000, 0x00000000eaf00000, 0x0000000100000000)
  eden space 2048K, 100% used [0x00000000eab00000,0x00000000ead00000,0x00000000ead00000)
  from space 1024K, 64% used [0x00000000eae00000,0x00000000eaea40b0,0x00000000eaf00000)
  to   space 1024K, 0% used [0x00000000ead00000,0x00000000ead00000,0x00000000eae00000)
 ParOldGen       total 313856K, used 313540K [0x00000000c0000000, 0x00000000d3280000, 0x00000000eab00000)
  object space 313856K, 99% used [0x00000000c0000000,0x00000000d3231000,0x00000000d3280000)
 Metaspace       used 63153K, committed 64704K, reserved 1114112K
  class space    used 6473K, committed 7168K, reserved 1048576K
}
Event: 12.626 GC heap after
{Heap after GC invocations=436 (full 3):
 PSYoungGen      total 3072K, used 611K [0x00000000eab00000, 0x00000000eaf80000, 0x0000000100000000)
  eden space 2048K, 0% used [0x00000000eab00000,0x00000000eab00000,0x00000000ead00000)
  from space 1024K, 59% used [0x00000000ead00000,0x00000000ead98d80,0x00000000eae00000)
  to   space 1024K, 0% used [0x00000000eae80000,0x00000000eae80000,0x00000000eaf80000)
 ParOldGen       total 314368K, used 314015K [0x00000000c0000000, 0x00000000d3300000, 0x00000000eab00000)
  object space 314368K, 99% used [0x00000000c0000000,0x00000000d32a7e20,0x00000000d3300000)
 Metaspace       used 63153K, committed 64704K, reserved 1114112K
  class space    used 6473K, committed 7168K, reserved 1048576K
}
Event: 12.645 GC heap before
{Heap before GC invocations=437 (full 3):
 PSYoungGen      total 3072K, used 2659K [0x00000000eab00000, 0x00000000eaf80000, 0x0000000100000000)
  eden space 2048K, 100% used [0x00000000eab00000,0x00000000ead00000,0x00000000ead00000)
  from space 1024K, 59% used [0x00000000ead00000,0x00000000ead98d80,0x00000000eae00000)
  to   space 1024K, 0% used [0x00000000eae80000,0x00000000eae80000,0x00000000eaf80000)
 ParOldGen       total 314368K, used 314015K [0x00000000c0000000, 0x00000000d3300000, 0x00000000eab00000)
  object space 314368K, 99% used [0x00000000c0000000,0x00000000d32a7e20,0x00000000d3300000)
 Metaspace       used 63226K, committed 64768K, reserved 1114112K
  class space    used 6481K, committed 7168K, reserved 1048576K
}
Event: 12.646 GC heap after
{Heap after GC invocations=437 (full 3):
 PSYoungGen      total 3584K, used 608K [0x00000000eab00000, 0x00000000eaf80000, 0x0000000100000000)
  eden space 2560K, 0% used [0x00000000eab00000,0x00000000eab00000,0x00000000ead80000)
  from space 1024K, 59% used [0x00000000eae80000,0x00000000eaf182b0,0x00000000eaf80000)
  to   space 1024K, 0% used [0x00000000ead80000,0x00000000ead80000,0x00000000eae80000)
 ParOldGen       total 314880K, used 314467K [0x00000000c0000000, 0x00000000d3380000, 0x00000000eab00000)
  object space 314880K, 99% used [0x00000000c0000000,0x00000000d3318d18,0x00000000d3380000)
 Metaspace       used 63226K, committed 64768K, reserved 1114112K
  class space    used 6481K, committed 7168K, reserved 1048576K
}
Event: 12.650 GC heap before
{Heap before GC invocations=438 (full 3):
 PSYoungGen      total 3584K, used 3168K [0x00000000eab00000, 0x00000000eaf80000, 0x0000000100000000)
  eden space 2560K, 100% used [0x00000000eab00000,0x00000000ead80000,0x00000000ead80000)
  from space 1024K, 59% used [0x00000000eae80000,0x00000000eaf182b0,0x00000000eaf80000)
  to   space 1024K, 0% used [0x00000000ead80000,0x00000000ead80000,0x00000000eae80000)
 ParOldGen       total 314880K, used 314467K [0x00000000c0000000, 0x00000000d3380000, 0x00000000eab00000)
  object space 314880K, 99% used [0x00000000c0000000,0x00000000d3318d18,0x00000000d3380000)
 Metaspace       used 63253K, committed 64832K, reserved 1114112K
  class space    used 6485K, committed 7168K, reserved 1048576K
}
Event: 12.651 GC heap after
{Heap after GC invocations=438 (full 3):
 PSYoungGen      total 3584K, used 857K [0x00000000eab00000, 0x00000000eb000000, 0x0000000100000000)
  eden space 2560K, 0% used [0x00000000eab00000,0x00000000eab00000,0x00000000ead80000)
  from space 1024K, 83% used [0x00000000ead80000,0x00000000eae56528,0x00000000eae80000)
  to   space 1024K, 0% used [0x00000000eaf00000,0x00000000eaf00000,0x00000000eb000000)
 ParOldGen       total 314880K, used 314845K [0x00000000c0000000, 0x00000000d3380000, 0x00000000eab00000)
  object space 314880K, 99% used [0x00000000c0000000,0x00000000d33774b8,0x00000000d3380000)
 Metaspace       used 63253K, committed 64832K, reserved 1114112K
  class space    used 6485K, committed 7168K, reserved 1048576K
}
Event: 12.655 GC heap before
{Heap before GC invocations=439 (full 3):
 PSYoungGen      total 3584K, used 3417K [0x00000000eab00000, 0x00000000eb000000, 0x0000000100000000)
  eden space 2560K, 100% used [0x00000000eab00000,0x00000000ead80000,0x00000000ead80000)
  from space 1024K, 83% used [0x00000000ead80000,0x00000000eae56528,0x00000000eae80000)
  to   space 1024K, 0% used [0x00000000eaf00000,0x00000000eaf00000,0x00000000eb000000)
 ParOldGen       total 314880K, used 314845K [0x00000000c0000000, 0x00000000d3380000, 0x00000000eab00000)
  object space 314880K, 99% used [0x00000000c0000000,0x00000000d3377780,0x00000000d3380000)
 Metaspace       used 63270K, committed 64832K, reserved 1114112K
  class space    used 6487K, committed 7168K, reserved 1048576K
}
Event: 12.656 GC heap after
{Heap after GC invocations=439 (full 3):
 PSYoungGen      total 4096K, used 920K [0x00000000eab00000, 0x00000000eb000000, 0x0000000100000000)
  eden space 3072K, 0% used [0x00000000eab00000,0x00000000eab00000,0x00000000eae00000)
  from space 1024K, 89% used [0x00000000eaf00000,0x00000000eafe6020,0x00000000eb000000)
  to   space 1024K, 0% used [0x00000000eae00000,0x00000000eae00000,0x00000000eaf00000)
 ParOldGen       total 315392K, used 315313K [0x00000000c0000000, 0x00000000d3400000, 0x00000000eab00000)
  object space 315392K, 99% used [0x00000000c0000000,0x00000000d33ec5d8,0x00000000d3400000)
 Metaspace       used 63270K, committed 64832K, reserved 1114112K
  class space    used 6487K, committed 7168K, reserved 1048576K
}
Event: 12.660 GC heap before
{Heap before GC invocations=440 (full 3):
 PSYoungGen      total 4096K, used 3992K [0x00000000eab00000, 0x00000000eb000000, 0x0000000100000000)
  eden space 3072K, 100% used [0x00000000eab00000,0x00000000eae00000,0x00000000eae00000)
  from space 1024K, 89% used [0x00000000eaf00000,0x00000000eafe6020,0x00000000eb000000)
  to   space 1024K, 0% used [0x00000000eae00000,0x00000000eae00000,0x00000000eaf00000)
 ParOldGen       total 315392K, used 315316K [0x00000000c0000000, 0x00000000d3400000, 0x00000000eab00000)
  object space 315392K, 99% used [0x00000000c0000000,0x00000000d33ed1c0,0x00000000d3400000)
 Metaspace       used 63349K, committed 64896K, reserved 1114112K
  class space    used 6493K, committed 7168K, reserved 1048576K
}
Event: 12.661 GC heap after
{Heap after GC invocations=440 (full 3):
 PSYoungGen      total 4096K, used 672K [0x00000000eab00000, 0x00000000eb100000, 0x0000000100000000)
  eden space 3072K, 0% used [0x00000000eab00000,0x00000000eab00000,0x00000000eae00000)
  from space 1024K, 65% used [0x00000000eae00000,0x00000000eaea8298,0x00000000eaf00000)
  to   space 1024K, 0% used [0x00000000eb000000,0x00000000eb000000,0x00000000eb100000)
 ParOldGen       total 315904K, used 315819K [0x00000000c0000000, 0x00000000d3480000, 0x00000000eab00000)
  object space 315904K, 99% used [0x00000000c0000000,0x00000000d346ae28,0x00000000d3480000)
 Metaspace       used 63349K, committed 64896K, reserved 1114112K
  class space    used 6493K, committed 7168K, reserved 1048576K
}
Event: 12.667 GC heap before
{Heap before GC invocations=441 (full 3):
 PSYoungGen      total 4096K, used 3744K [0x00000000eab00000, 0x00000000eb100000, 0x0000000100000000)
  eden space 3072K, 100% used [0x00000000eab00000,0x00000000eae00000,0x00000000eae00000)
  from space 1024K, 65% used [0x00000000eae00000,0x00000000eaea8298,0x00000000eaf00000)
  to   space 1024K, 0% used [0x00000000eb000000,0x00000000eb000000,0x00000000eb100000)
 ParOldGen       total 315904K, used 315819K [0x00000000c0000000, 0x00000000d3480000, 0x00000000eab00000)
  object space 315904K, 99% used [0x00000000c0000000,0x00000000d346ae28,0x00000000d3480000)
 Metaspace       used 63425K, committed 65024K, reserved 1114112K
  class space    used 6509K, committed 7232K, reserved 1048576K
}
Event: 12.668 GC heap after
{Heap after GC invocations=441 (full 3):
 PSYoungGen      total 4096K, used 784K [0x00000000eab00000, 0x00000000eb100000, 0x0000000100000000)
  eden space 3072K, 0% used [0x00000000eab00000,0x00000000eab00000,0x00000000eae00000)
  from space 1024K, 76% used [0x00000000eb000000,0x00000000eb0c4050,0x00000000eb100000)
  to   space 1024K, 0% used [0x00000000eae00000,0x00000000eae00000,0x00000000eaf00000)
 ParOldGen       total 316416K, used 316323K [0x00000000c0000000, 0x00000000d3500000, 0x00000000eab00000)
  object space 316416K, 99% used [0x00000000c0000000,0x00000000d34e8c30,0x00000000d3500000)
 Metaspace       used 63425K, committed 65024K, reserved 1114112K
  class space    used 6509K, committed 7232K, reserved 1048576K
}
Event: 13.697 GC heap before
{Heap before GC invocations=442 (full 3):
 PSYoungGen      total 4096K, used 3856K [0x00000000eab00000, 0x00000000eb100000, 0x0000000100000000)
  eden space 3072K, 100% used [0x00000000eab00000,0x00000000eae00000,0x00000000eae00000)
  from space 1024K, 76% used [0x00000000eb000000,0x00000000eb0c4050,0x00000000eb100000)
  to   space 1024K, 0% used [0x00000000eae00000,0x00000000eae00000,0x00000000eaf00000)
 ParOldGen       total 316416K, used 316323K [0x00000000c0000000, 0x00000000d3500000, 0x00000000eab00000)
  object space 316416K, 99% used [0x00000000c0000000,0x00000000d34e8c30,0x00000000d3500000)
 Metaspace       used 63518K, committed 65152K, reserved 1114112K
  class space    used 6525K, committed 7232K, reserved 1048576K
}
Event: 13.699 GC heap after
{Heap after GC invocations=442 (full 3):
 PSYoungGen      total 4096K, used 1019K [0x00000000eab00000, 0x00000000eb200000, 0x0000000100000000)
  eden space 3072K, 0% used [0x00000000eab00000,0x00000000eab00000,0x00000000eae00000)
  from space 1024K, 99% used [0x00000000eae00000,0x00000000eaefed70,0x00000000eaf00000)
  to   space 2048K, 0% used [0x00000000eb000000,0x00000000eb000000,0x00000000eb200000)
 ParOldGen       total 316928K, used 316854K [0x00000000c0000000, 0x00000000d3580000, 0x00000000eab00000)
  object space 316928K, 99% used [0x00000000c0000000,0x00000000d356db80,0x00000000d3580000)
 Metaspace       used 63518K, committed 65152K, reserved 1114112K
  class space    used 6525K, committed 7232K, reserved 1048576K
}
Event: 14.993 GC heap before
{Heap before GC invocations=443 (full 3):
 PSYoungGen      total 4096K, used 4091K [0x00000000eab00000, 0x00000000eb200000, 0x0000000100000000)
  eden space 3072K, 100% used [0x00000000eab00000,0x00000000eae00000,0x00000000eae00000)
  from space 1024K, 99% used [0x00000000eae00000,0x00000000eaefed70,0x00000000eaf00000)
  to   space 2048K, 0% used [0x00000000eb000000,0x00000000eb000000,0x00000000eb200000)
 ParOldGen       total 316928K, used 316854K [0x00000000c0000000, 0x00000000d3580000, 0x00000000eab00000)
  object space 316928K, 99% used [0x00000000c0000000,0x00000000d356db80,0x00000000d3580000)
 Metaspace       used 63588K, committed 65216K, reserved 1114112K
  class space    used 6537K, committed 7232K, reserved 1048576K
}
Event: 14.995 GC heap after
{Heap after GC invocations=443 (full 3):
 PSYoungGen      total 4096K, used 804K [0x00000000eab00000, 0x00000000eb100000, 0x0000000100000000)
  eden space 3072K, 0% used [0x00000000eab00000,0x00000000eab00000,0x00000000eae00000)
  from space 1024K, 78% used [0x00000000eb000000,0x00000000eb0c9040,0x00000000eb100000)
  to   space 1536K, 0% used [0x00000000eae00000,0x00000000eae00000,0x00000000eaf80000)
 ParOldGen       total 317952K, used 317689K [0x00000000c0000000, 0x00000000d3680000, 0x00000000eab00000)
  object space 317952K, 99% used [0x00000000c0000000,0x00000000d363e4f8,0x00000000d3680000)
 Metaspace       used 63588K, committed 65216K, reserved 1114112K
  class space    used 6537K, committed 7232K, reserved 1048576K
}

